<?xml version="1.0" encoding="UTF-8"?>
<!-- Generated by org.testng.reporters.JUnitReportReporter -->
<testsuite hostname="DESKTOP-T3MRB14" failures="0" tests="6" name="test.Day3" time="0.019" errors="0" timestamp="2022-06-23T12:22:19 IST" skipped="1">
  <testcase classname="test.Day3" name="MobileLogincarLoan" time="0.008"/>
  <system-out/>
  <testcase classname="test.Day3" name="MobilesignoutcarLoan" time="0.003"/>
  <system-out/>
  <testcase classname="test.Day3" name="WebloginCarLoan" time="0.002"/>
  <system-out/>
  <testcase classname="test.Day3" name="MobilesignoutcarLoan" time="0.004"/>
  <system-out/>
  <testcase classname="test.Day3" name="MobilesignoutcarLoan" time="0.002"/>
  <system-out/>
  <testcase classname="test.Day3" name="MobilesignimcarLoan">
    <skipped/>
  </testcase> <!-- MobilesignimcarLoan -->
  <system-out/>
</testsuite> <!-- test.Day3 -->
