<?xml version="1.0" encoding="UTF-8"?>
<!-- Generated by org.testng.reporters.JUnitReportReporter -->
<testsuite hostname="DESKTOP-T3MRB14" failures="0" tests="3" name="test.Day4" time="0.006" errors="0" timestamp="2022-06-23T12:22:19 IST" skipped="0">
  <testcase classname="test.Day4" name="WebloginHomeLoan" time="0.002"/>
  <system-out/>
  <testcase classname="test.Day4" name="LoginAPIHomeLoan" time="0.002"/>
  <system-out/>
  <testcase classname="test.Day4" name="MobileLoginHomeLoan" time="0.002"/>
  <system-out/>
</testsuite> <!-- test.Day4 -->
