<?xml version="1.0" encoding="UTF-8"?>
<!-- Generated by org.testng.reporters.JUnitReportReporter -->
<testsuite hostname="DESKTOP-T3MRB14" failures="0" tests="3" name="test.Annotations" time="0.015" errors="0" timestamp="2022-06-23T10:48:36 IST" skipped="0">
  <testcase classname="test.Annotations" name="FlightCancel" time="0.003"/>
  <system-out/>
  <testcase classname="test.Annotations" name="OpeningBrowser" time="0.003"/>
  <system-out/>
  <testcase classname="test.Annotations" name="FlightBooking" time="0.009"/>
  <system-out/>
</testsuite> <!-- test.Annotations -->
